2023-01-10 02:19:42.431 KVSTest INFO Created KVSTest ...
2023-01-10 02:19:43.955 LBSolver INFO Scaling LB to SI units:
2023-01-10 02:19:43.997 LBSolver INFO DiffusiveScalingResult(dt=9.01126913272663e-05, lattice_velocity=0.02811515969410709)
2023-01-10 02:19:44.040 LBSolver INFO dx=0.003205128205128205
/beegfs/project/MaMiCo/local/lib/python3.9/site-packages/lbmpy/creationfunctions.py:316: UserWarning: Method "srt" as str is deprecated. Use Method.SRT instead
  warn(f'Method "{self.method}" as str is deprecated. Use {new_method} instead')
2023-01-10 03:11:51.284 LBSolver INFO Successfully created scenario
2023-01-10 03:11:51.305 LBSolver INFO Domain size = (780, 127, 127)
2023-01-10 03:11:51.327 LBSolver INFO Total number of cells = 12580620
2023-01-10 03:11:51.348 LBSolver INFO Running benchmark ...
2023-01-10 03:12:09.026 LBSolver INFO Benchmark result = 4061.312177207353 MLUPS
2023-01-10 03:12:09.047 KVSTest INFO MD timesteps per coupling cycle = 50
2023-01-10 03:12:09.069 KVSTest INFO LB timesteps per coupling cycle = 12.002405248360184
2023-01-10 03:12:09.090 KVSTest INFO Running 24000 LB initialisation timesteps ...
2023-01-10 03:12:09.111 KVSTest INFO (Estimated runtime = 74.34416927969744 seconds)
2023-01-10 03:13:28.717 KVSTest INFO Finished LB init-timesteps.
2023-01-10 03:13:28.739 KVSTest INFO totalNumberMDSimulations = 1
2023-01-10 03:13:28.760 KVSTest INFO localMDInstances on rank 0 = 1
Finish MD timestep 0...
Finish MD timestep 50...
Finish MD timestep 100...
Finish MD timestep 150...
Finish MD timestep 200...
Finish MD timestep 250...
Finish MD timestep 300...
Finish MD timestep 350...
Finish MD timestep 400...
Finish MD timestep 450...
Finish MD timestep 500...
Finish MD timestep 550...
Finish MD timestep 600...
Finish MD timestep 650...
Finish MD timestep 700...
Finish MD timestep 750...
Finish MD timestep 800...
Finish MD timestep 850...
Finish MD timestep 900...
Finish MD timestep 950...
Finish MD timestep 1000...
Finish MD timestep 1050...
Finish MD timestep 1100...
Finish MD timestep 1150...
Finish MD timestep 1200...
Finish MD timestep 1250...
Finish MD timestep 1300...
Finish MD timestep 1350...
Finish MD timestep 1400...
Finish MD timestep 1450...
Finish MD timestep 1500...
Finish MD timestep 1550...
Finish MD timestep 1600...
Finish MD timestep 1650...
Finish MD timestep 1700...
Finish MD timestep 1750...
Finish MD timestep 1800...
Finish MD timestep 1850...
Finish MD timestep 1900...
Finish MD timestep 1950...
Finish MD timestep 2000...
Finish MD timestep 2050...
Finish MD timestep 2100...
Finish MD timestep 2150...
Finish MD timestep 2200...
Finish MD timestep 2250...
Finish MD timestep 2300...
Finish MD timestep 2350...
Finish MD timestep 2400...
Finish MD timestep 2450...
Finish MD timestep 2500...
Finish MD timestep 2550...
Finish MD timestep 2600...
Finish MD timestep 2650...
Finish MD timestep 2700...
Finish MD timestep 2750...
Finish MD timestep 2800...
Finish MD timestep 2850...
Finish MD timestep 2900...
Finish MD timestep 2950...
Finish MD timestep 3000...
Finish MD timestep 3050...
Finish MD timestep 3100...
Finish MD timestep 3150...
Finish MD timestep 3200...
Finish MD timestep 3250...
Finish MD timestep 3300...
Finish MD timestep 3350...
Finish MD timestep 3400...
Finish MD timestep 3450...
Finish MD timestep 3500...
Finish MD timestep 3550...
Finish MD timestep 3600...
Finish MD timestep 3650...
Finish MD timestep 3700...
Finish MD timestep 3750...
Finish MD timestep 3800...
Finish MD timestep 3850...
Finish MD timestep 3900...
Finish MD timestep 3950...
Finish MD timestep 4000...
Finish MD timestep 4050...
Finish MD timestep 4100...
Finish MD timestep 4150...
Finish MD timestep 4200...
Finish MD timestep 4250...
Finish MD timestep 4300...
Finish MD timestep 4350...
Finish MD timestep 4400...
Finish MD timestep 4450...
Finish MD timestep 4500...
Finish MD timestep 4550...
Finish MD timestep 4600...
Finish MD timestep 4650...
Finish MD timestep 4700...
Finish MD timestep 4750...
Finish MD timestep 4800...
Finish MD timestep 4850...
Finish MD timestep 4900...
Finish MD timestep 4950...
Finish MD timestep 5000...
Finish MD timestep 5050...
Finish MD timestep 5100...
Finish MD timestep 5150...
Finish MD timestep 5200...
Finish MD timestep 5250...
Finish MD timestep 5300...
Finish MD timestep 5350...
Finish MD timestep 5400...
Finish MD timestep 5450...
Finish MD timestep 5500...
Finish MD timestep 5550...
Finish MD timestep 5600...
Finish MD timestep 5650...
Finish MD timestep 5700...
Finish MD timestep 5750...
Finish MD timestep 5800...
Finish MD timestep 5850...
Finish MD timestep 5900...
Finish MD timestep 5950...
Finish MD timestep 6000...
Finish MD timestep 6050...
Finish MD timestep 6100...
Finish MD timestep 6150...
Finish MD timestep 6200...
Finish MD timestep 6250...
Finish MD timestep 6300...
Finish MD timestep 6350...
Finish MD timestep 6400...
Finish MD timestep 6450...
Finish MD timestep 6500...
Finish MD timestep 6550...
Finish MD timestep 6600...
Finish MD timestep 6650...
Finish MD timestep 6700...
Finish MD timestep 6750...
Finish MD timestep 6800...
Finish MD timestep 6850...
Finish MD timestep 6900...
Finish MD timestep 6950...
Finish MD timestep 7000...
Finish MD timestep 7050...
Finish MD timestep 7100...
Finish MD timestep 7150...
Finish MD timestep 7200...
Finish MD timestep 7250...
Finish MD timestep 7300...
Finish MD timestep 7350...
Finish MD timestep 7400...
Finish MD timestep 7450...
Finish MD timestep 7500...
Finish MD timestep 7550...
Finish MD timestep 7600...
Finish MD timestep 7650...
Finish MD timestep 7700...
Finish MD timestep 7750...
Finish MD timestep 7800...
Finish MD timestep 7850...
Finish MD timestep 7900...
Finish MD timestep 7950...
Finish MD timestep 8000...
Finish MD timestep 8050...
Finish MD timestep 8100...
Finish MD timestep 8150...
Finish MD timestep 8200...
Finish MD timestep 8250...
Finish MD timestep 8300...
Finish MD timestep 8350...
Finish MD timestep 8400...
Finish MD timestep 8450...
Finish MD timestep 8500...
Finish MD timestep 8550...
Finish MD timestep 8600...
Finish MD timestep 8650...
Finish MD timestep 8700...
Finish MD timestep 8750...
Finish MD timestep 8800...
Finish MD timestep 8850...
Finish MD timestep 8900...
Finish MD timestep 8950...
Finish MD timestep 9000...
Finish MD timestep 9050...
Finish MD timestep 9100...
Finish MD timestep 9150...
Finish MD timestep 9200...
Finish MD timestep 9250...
Finish MD timestep 9300...
Finish MD timestep 9350...
Finish MD timestep 9400...
Finish MD timestep 9450...
Finish MD timestep 9500...
Finish MD timestep 9550...
Finish MD timestep 9600...
Finish MD timestep 9650...
Finish MD timestep 9700...
Finish MD timestep 9750...
Finish MD timestep 9800...
Finish MD timestep 9850...
Finish MD timestep 9900...
Finish MD timestep 9950...
/* current inputCount */2
	AFJ(test-md-domain-values): Begin initialization.
	AFJ(test-md-domain-values): Initialized secondary cell vectors.
	AFJ(test-md-domain-values): First element of _cellVector1_secondary after init: 0x70e4000
	AFJ(test-md-domain-values): First element of _cellVector2_secondary after init: 0x70e4080
Size of inputCellVector_primary:5832
Size of inputCellVector_secondary:17576
	AFJ(test-md-domain-values): Cell vector 2 will be used as output.
/beegfs/project/MaMiCo/local/lib/python3.9/site-packages/numpy/core/getlimits.py:500: UserWarning: The value of the smallest subnormal for <class 'numpy.float64'> type is zero.
  setattr(self, word, getattr(machar, word).flat[0])
/beegfs/project/MaMiCo/local/lib/python3.9/site-packages/numpy/core/getlimits.py:89: UserWarning: The value of the smallest subnormal for <class 'numpy.float64'> type is zero.
  return self._float_to_str(self.smallest_subnormal)
/beegfs/project/MaMiCo/local/lib/python3.9/site-packages/numpy/core/getlimits.py:500: UserWarning: The value of the smallest subnormal for <class 'numpy.float32'> type is zero.
  setattr(self, word, getattr(machar, word).flat[0])
/beegfs/project/MaMiCo/local/lib/python3.9/site-packages/numpy/core/getlimits.py:89: UserWarning: The value of the smallest subnormal for <class 'numpy.float32'> type is zero.
  return self._float_to_str(self.smallest_subnormal)
2023-01-10 04:00:09.923 KVSTest INFO Finished initSolvers
2023-01-10 04:13:59.598 KVSTest INFO Finish coupling cycle 0
2023-01-10 04:27:39.054 KVSTest INFO Finish coupling cycle 1
2023-01-10 04:41:34.809 KVSTest INFO Finish coupling cycle 2
2023-01-10 04:55:30.728 KVSTest INFO Finish coupling cycle 3
2023-01-10 05:09:13.869 KVSTest INFO Finish coupling cycle 4
2023-01-10 05:23:07.665 KVSTest INFO Finish coupling cycle 5
2023-01-10 05:37:01.278 KVSTest INFO Finish coupling cycle 6
slurmstepd: error: *** JOB 42510 ON gpu05 CANCELLED AT 2023-01-10T05:45:13 DUE TO TIME LIMIT ***
